<?xml version="1.0" encoding="UTF-8"?>
<!DOCTYPE struts PUBLIC
    "-//Apache Software Foundation//DTD Struts Configuration 2.0//EN"
    "http://struts.apache.org/dtds/struts-2.0.dtd">
<struts>
	<!-- 这里映射的. 的路径为test -->
	<package name="test" namespace="/test" extends="basePackage">
		<action name="test" class="com.test.TestAction" method="test">
			<interceptor-ref name="interceptorStatck" />
			<result name="success">../index.jsp</result>
		</action>
	</package>
</struts>